%!Adobe-FontList 1.14
%Locale:0x409

%BeginFont
Handler:DirectoryHandler
FontType:Type1
FontName:BigJohn
FamilyName:Big John
StyleName:Regular
MenuName:Big John
StyleBits:0
WeightClass:400
WidthClass:5
AngleClass:0
FullName:Big John
WritingScript:Roman
OutlineFileName:\BIG JOHN.otf
DataFormat:sfntData
UsesStandardEncoding:yes
isCFF:yes
FileLength:10684
FileModTime:1411989042
%EndFont

%BeginFont
Handler:DirectoryHandler
FontType:Type1
FontName:MinionPro-Regular
FamilyName:Minion Pro
StyleName:Regular
MenuName:Minion Pro
StyleBits:0
WeightClass:400
WidthClass:5
AngleClass:0
FullName:Minion Pro
WritingScript:Roman
OutlineFileName:\MinionPro-Regular.otf
DataFormat:sfntData
UsesStandardEncoding:yes
isCFF:yes
FileLength:217280
FileModTime:1397693942
DesignSize:110
%EndFont

%BeginFont
Handler:DirectoryHandler
FontType:Type1
FontName:SlimJoe
FamilyName:Slim Joe
StyleName:Regular
MenuName:Slim Joe
StyleBits:0
WeightClass:400
WidthClass:5
AngleClass:0
FullName:Slim Joe
WritingScript:Roman
OutlineFileName:\Slim Joe.otf
DataFormat:sfntData
UsesStandardEncoding:yes
isCFF:yes
FileLength:9300
FileModTime:1411989042
%EndFont

